<?xml version="1.0" encoding="UTF-8"?>
<testsuite xmlns:xsi="http://www.w3.org/2001/XMLSchema-instance" xsi:noNamespaceSchemaLocation="https://maven.apache.org/surefire/maven-surefire-plugin/xsd/surefire-test-report-3.0.xsd" version="3.0" name="vn.huy.java.backend_service.BackendServiceApplicationTests" time="19.842" tests="1" errors="0" skipped="0" failures="0">
  <properties>
[...]
</properties>
  <testcase name="contextLoads" classname="vn.huy.java.backend_service.BackendServiceApplicationTests" time="2.663">
    <system-out><![CDATA[08:50:37.400 [main] INFO org.springframework.test.context.support.AnnotationConfigContextLoaderUtils -- Could not detect default configuration classes for test class [vn.huy.java.backend_service.BackendServiceApplicationTests]: BackendServiceApplicationTests does not declare any static, non-private, non-final, nested classes annotated with @Configuration.
08:50:37.748 [main] INFO org.springframework.boot.test.context.SpringBootTestContextBootstrapper -- Found @SpringBootConfiguration vn.huy.java.backend_service.BackendServiceApplication for test class vn.huy.java.backend_service.BackendServiceApplicationTests
08:50:38.244 [main] INFO org.springframework.boot.devtools.restart.RestartApplicationListener -- Restart disabled due to context in which it is running
 ________  ________  ________  ___  __    _______   ________   ________          ________  _______   ________  ___      ___ ___  ________  _______      
|\   __  \|\   __  \|\   ____\|\  \|\  \ |\  ___ \ |\   ___  \|\   ___ \        |\   ____\|\  ___ \ |\   __  \|\  \    /  /|\  \|\   ____\|\  ___ \     
\ \  \|\ /\ \  \|\  \ \  \___|\ \  \/  /|\ \   __/|\ \  \\ \  \ \  \_|\ \       \ \  \___|\ \   __/|\ \  \|\  \ \  \  /  / | \  \ \  \___|\ \   __/|    
 \ \   __  \ \   __  \ \  \    \ \   ___  \ \  \_|/_\ \  \\ \  \ \  \ \\ \       \ \_____  \ \  \_|/_\ \   _  _\ \  \/  / / \ \  \ \  \    \ \  \_|/__  
  \ \  \|\  \ \  \ \  \ \  \____\ \  \\ \  \ \  \_|\ \ \  \\ \  \ \  \_\\ \       \|____|\  \ \  \_|\ \ \  \\  \\ \    / /   \ \  \ \  \____\ \  \_|\ \ 
   \ \_______\ \__\ \__\ \_______\ \__\\ \__\ \_______\ \__\\ \__\ \_______\        ____\_\  \ \_______\ \__\\ _\\ \__/ /     \ \__\ \_______\ \_______\
    \|_______|\|__|\|__|\|_______|\|__| \|__|\|_______|\|__| \|__|\|_______|       |\_________\|_______|\|__|\|__|\|__|/       \|__|\|_______|\|_______|
                                                                                   \|_________|                                                         
                                                                                                                                                        
                                                                                                                                                        
2024-12-10T08:50:39.937+07:00  INFO 4508 --- [backend-service] [           main] v.h.j.b.BackendServiceApplicationTests   : Starting BackendServiceApplicationTests using Java 23.0.1 with PID 4508 (started by doant in E:\spring-boot-exercises\backend-service)
2024-12-10T08:50:39.969+07:00  INFO 4508 --- [backend-service] [           main] v.h.j.b.BackendServiceApplicationTests   : The following 1 profile is active: "dev"
jwtKey: abc@123
2024-12-10T08:50:53.434+07:00  INFO 4508 --- [backend-service] [           main] o.s.b.a.e.web.EndpointLinksResolver      : Exposing 14 endpoints beneath base path '/actuator'
2024-12-10T08:50:53.696+07:00  INFO 4508 --- [backend-service] [           main] v.h.j.b.BackendServiceApplicationTests   : Started BackendServiceApplicationTests in 15.512 seconds (process running for 18.563)
]]></system-out>
    <system-err><![CDATA[WARNING: A Java agent has been loaded dynamically (C:\Users\doant\.m2\repository\net\bytebuddy\byte-buddy-agent\1.14.19\byte-buddy-agent-1.14.19.jar)
WARNING: If a serviceability tool is in use, please run with -XX:+EnableDynamicAgentLoading to hide this warning
WARNING: If a serviceability tool is not in use, please run with -Djdk.instrument.traceUsage for more information
WARNING: Dynamic loading of agents will be disallowed by default in a future release
]]></system-err>
  </testcase>
</testsuite>